# JRE version: OpenJDK Runtime Environment GraalVM CE 22.3.0 (17.0.5+8) (build 17.0.5+8-jvmci-22.3-b08)
# Java VM: OpenJDK 64-Bit Server VM GraalVM CE 22.3.0 (17.0.5+8-jvmci-22.3-b08, mixed mode, sharing, tiered, jvmci, jvmci compiler, compressed oops, compressed class ptrs, parallel gc, linux-amd64)
GC Precious Log:
 CPUs: 8 total, 1 available
 Memory: 1024M
 Large Page Support: Disabled
 NUMA Support: Disabled
 Compressed Oops: Enabled (32-bit)
 Alignments: Space 512K, Generation 512K, Heap 2M
 Heap Min Capacity: 100M
 Heap Initial Capacity: 100M
 Heap Max Capacity: 512M
 Pre-touch: Disabled
 Parallel Workers: 1
Heap:
 PSYoungGen      total 36352K, used 28160K [0x00000000f5580000, 0x00000000f8480000, 0x0000000100000000)
  eden space 28160K, 100% used [0x00000000f5580000,0x00000000f7100000,0x00000000f7100000)
  from space 8192K, 0% used [0x00000000f7a80000,0x00000000f7a80000,0x00000000f8280000)
  to   space 9216K, 0% used [0x00000000f7100000,0x00000000f7100000,0x00000000f7a00000)
 ParOldGen       total 349696K, used 349695K [0x00000000e0000000, 0x00000000f5580000, 0x00000000f5580000)
  object space 349696K, 99% used [0x00000000e0000000,0x00000000f557fff8,0x00000000f5580000)
 Metaspace       used 62821K, committed 64064K, reserved 1114112K
  class space    used 5995K, committed 6464K, reserved 1048576K
GC Heap History (20 events):
Event: 439.798 GC heap before
{Heap before GC invocations=250 (full 134):
 PSYoungGen      total 36352K, used 28160K [0x00000000f5580000, 0x00000000f8480000, 0x0000000100000000)
  eden space 28160K, 100% used [0x00000000f5580000,0x00000000f7100000,0x00000000f7100000)
  from space 8192K, 0% used [0x00000000f7a80000,0x00000000f7a80000,0x00000000f8280000)
  to   space 9216K, 0% used [0x00000000f7100000,0x00000000f7100000,0x00000000f7a00000)
 ParOldGen       total 349696K, used 349695K [0x00000000e0000000, 0x00000000f5580000, 0x00000000f5580000)
  object space 349696K, 99% used [0x00000000e0000000,0x00000000f557fff8,0x00000000f5580000)
 Metaspace       used 62821K, committed 64064K, reserved 1114112K
  class space    used 5995K, committed 6464K, reserved 1048576K
}
Event: 441.661 GC heap after
{Heap after GC invocations=250 (full 134):
 PSYoungGen      total 37376K, used 28160K [0x00000000f5580000, 0x00000000f8480000, 0x0000000100000000)
  eden space 28160K, 100% used [0x00000000f5580000,0x00000000f7100000,0x00000000f7100000)
  from space 9216K, 0% used [0x00000000f7100000,0x00000000f7100000,0x00000000f7a00000)
  to   space 8192K, 0% used [0x00000000f7a80000,0x00000000f7a80000,0x00000000f8280000)
 ParOldGen       total 349696K, used 349695K [0x00000000e0000000, 0x00000000f5580000, 0x00000000f5580000)
  object space 349696K, 99% used [0x00000000e0000000,0x00000000f557ffc8,0x00000000f5580000)
 Metaspace       used 62821K, committed 64064K, reserved 1114112K
  class space    used 5995K, committed 6464K, reserved 1048576K
}
Event: 441.676 GC heap before
{Heap before GC invocations=251 (full 135):
 PSYoungGen      total 37376K, used 28160K [0x00000000f5580000, 0x00000000f8480000, 0x0000000100000000)
  eden space 28160K, 100% used [0x00000000f5580000,0x00000000f7100000,0x00000000f7100000)
  from space 9216K, 0% used [0x00000000f7100000,0x00000000f7100000,0x00000000f7a00000)
  to   space 8192K, 0% used [0x00000000f7a80000,0x00000000f7a80000,0x00000000f8280000)
 ParOldGen       total 349696K, used 349695K [0x00000000e0000000, 0x00000000f5580000, 0x00000000f5580000)
  object space 349696K, 99% used [0x00000000e0000000,0x00000000f557ffe8,0x00000000f5580000)
 Metaspace       used 62821K, committed 64064K, reserved 1114112K
  class space    used 5995K, committed 6464K, reserved 1048576K
}
Event: 443.871 GC heap after
{Heap after GC invocations=251 (full 135):
 PSYoungGen      total 36352K, used 28160K [0x00000000f5580000, 0x00000000f8480000, 0x0000000100000000)
  eden space 28160K, 100% used [0x00000000f5580000,0x00000000f7100000,0x00000000f7100000)
  from space 8192K, 0% used [0x00000000f7a80000,0x00000000f7a80000,0x00000000f8280000)
  to   space 9216K, 0% used [0x00000000f7100000,0x00000000f7100000,0x00000000f7a00000)
 ParOldGen       total 349696K, used 349695K [0x00000000e0000000, 0x00000000f5580000, 0x00000000f5580000)
  object space 349696K, 99% used [0x00000000e0000000,0x00000000f557ff68,0x00000000f5580000)
 Metaspace       used 62821K, committed 64064K, reserved 1114112K
  class space    used 5995K, committed 6464K, reserved 1048576K
}
Event: 443.871 GC heap before
{Heap before GC invocations=252 (full 136):
 PSYoungGen      total 36352K, used 28160K [0x00000000f5580000, 0x00000000f8480000, 0x0000000100000000)
  eden space 28160K, 100% used [0x00000000f5580000,0x00000000f7100000,0x00000000f7100000)
  from space 8192K, 0% used [0x00000000f7a80000,0x00000000f7a80000,0x00000000f8280000)
  to   space 9216K, 0% used [0x00000000f7100000,0x00000000f7100000,0x00000000f7a00000)
 ParOldGen       total 349696K, used 349695K [0x00000000e0000000, 0x00000000f5580000, 0x00000000f5580000)
  object space 349696K, 99% used [0x00000000e0000000,0x00000000f557fff8,0x00000000f5580000)
 Metaspace       used 62821K, committed 64064K, reserved 1114112K
  class space    used 5995K, committed 6464K, reserved 1048576K
}
Event: 446.132 GC heap after
{Heap after GC invocations=252 (full 136):
 PSYoungGen      total 37376K, used 28160K [0x00000000f5580000, 0x00000000f8480000, 0x0000000100000000)
  eden space 28160K, 100% used [0x00000000f5580000,0x00000000f7100000,0x00000000f7100000)
  from space 9216K, 0% used [0x00000000f7100000,0x00000000f7100000,0x00000000f7a00000)
  to   space 8192K, 0% used [0x00000000f7a80000,0x00000000f7a80000,0x00000000f8280000)
 ParOldGen       total 349696K, used 349695K [0x00000000e0000000, 0x00000000f5580000, 0x00000000f5580000)
  object space 349696K, 99% used [0x00000000e0000000,0x00000000f557ff80,0x00000000f5580000)
 Metaspace       used 62821K, committed 64064K, reserved 1114112K
  class space    used 5995K, committed 6464K, reserved 1048576K
}
Event: 446.132 GC heap before
{Heap before GC invocations=253 (full 137):
 PSYoungGen      total 37376K, used 28160K [0x00000000f5580000, 0x00000000f8480000, 0x0000000100000000)
  eden space 28160K, 100% used [0x00000000f5580000,0x00000000f7100000,0x00000000f7100000)
  from space 9216K, 0% used [0x00000000f7100000,0x00000000f7100000,0x00000000f7a00000)
  to   space 8192K, 0% used [0x00000000f7a80000,0x00000000f7a80000,0x00000000f8280000)
 ParOldGen       total 349696K, used 349695K [0x00000000e0000000, 0x00000000f5580000, 0x00000000f5580000)
  object space 349696K, 99% used [0x00000000e0000000,0x00000000f557fff0,0x00000000f5580000)
 Metaspace       used 62821K, committed 64064K, reserved 1114112K
  class space    used 5995K, committed 6464K, reserved 1048576K
}
Event: 447.882 GC heap after
{Heap after GC invocations=253 (full 137):
 PSYoungGen      total 36352K, used 28160K [0x00000000f5580000, 0x00000000f8480000, 0x0000000100000000)
  eden space 28160K, 100% used [0x00000000f5580000,0x00000000f7100000,0x00000000f7100000)
  from space 8192K, 0% used [0x00000000f7a80000,0x00000000f7a80000,0x00000000f8280000)
  to   space 9216K, 0% used [0x00000000f7100000,0x00000000f7100000,0x00000000f7a00000)
 ParOldGen       total 349696K, used 349695K [0x00000000e0000000, 0x00000000f5580000, 0x00000000f5580000)
  object space 349696K, 99% used [0x00000000e0000000,0x00000000f557ff28,0x00000000f5580000)
 Metaspace       used 62821K, committed 64064K, reserved 1114112K
  class space    used 5995K, committed 6464K, reserved 1048576K
}
Event: 447.882 GC heap before
{Heap before GC invocations=254 (full 138):
 PSYoungGen      total 36352K, used 28160K [0x00000000f5580000, 0x00000000f8480000, 0x0000000100000000)
  eden space 28160K, 100% used [0x00000000f5580000,0x00000000f7100000,0x00000000f7100000)
  from space 8192K, 0% used [0x00000000f7a80000,0x00000000f7a80000,0x00000000f8280000)
  to   space 9216K, 0% used [0x00000000f7100000,0x00000000f7100000,0x00000000f7a00000)
 ParOldGen       total 349696K, used 349695K [0x00000000e0000000, 0x00000000f5580000, 0x00000000f5580000)
  object space 349696K, 99% used [0x00000000e0000000,0x00000000f557ffe8,0x00000000f5580000)
 Metaspace       used 62821K, committed 64064K, reserved 1114112K
  class space    used 5995K, committed 6464K, reserved 1048576K
}
Event: 450.203 GC heap after
{Heap after GC invocations=254 (full 138):
 PSYoungGen      total 37376K, used 28160K [0x00000000f5580000, 0x00000000f8480000, 0x0000000100000000)
  eden space 28160K, 100% used [0x00000000f5580000,0x00000000f7100000,0x00000000f7100000)
  from space 9216K, 0% used [0x00000000f7100000,0x00000000f7100000,0x00000000f7a00000)
  to   space 8192K, 0% used [0x00000000f7a80000,0x00000000f7a80000,0x00000000f8280000)
 ParOldGen       total 349696K, used 349691K [0x00000000e0000000, 0x00000000f5580000, 0x00000000f5580000)
  object space 349696K, 99% used [0x00000000e0000000,0x00000000f557eca0,0x00000000f5580000)
 Metaspace       used 62821K, committed 64064K, reserved 1114112K
  class space    used 5995K, committed 6464K, reserved 1048576K
}
Event: 450.205 GC heap before
{Heap before GC invocations=255 (full 139):
 PSYoungGen      total 37376K, used 28160K [0x00000000f5580000, 0x00000000f8480000, 0x0000000100000000)
  eden space 28160K, 100% used [0x00000000f5580000,0x00000000f7100000,0x00000000f7100000)
  from space 9216K, 0% used [0x00000000f7100000,0x00000000f7100000,0x00000000f7a00000)
  to   space 8192K, 0% used [0x00000000f7a80000,0x00000000f7a80000,0x00000000f8280000)
 ParOldGen       total 349696K, used 349691K [0x00000000e0000000, 0x00000000f5580000, 0x00000000f5580000)
  object space 349696K, 99% used [0x00000000e0000000,0x00000000f557eef8,0x00000000f5580000)
 Metaspace       used 62821K, committed 64064K, reserved 1114112K
  class space    used 5995K, committed 6464K, reserved 1048576K
}
Event: 452.485 GC heap after
{Heap after GC invocations=255 (full 139):
 PSYoungGen      total 36352K, used 28160K [0x00000000f5580000, 0x00000000f8480000, 0x0000000100000000)
  eden space 28160K, 100% used [0x00000000f5580000,0x00000000f7100000,0x00000000f7100000)
  from space 8192K, 0% used [0x00000000f7a80000,0x00000000f7a80000,0x00000000f8280000)
  to   space 9216K, 0% used [0x00000000f7100000,0x00000000f7100000,0x00000000f7a00000)
 ParOldGen       total 349696K, used 349691K [0x00000000e0000000, 0x00000000f5580000, 0x00000000f5580000)
  object space 349696K, 99% used [0x00000000e0000000,0x00000000f557ecc8,0x00000000f5580000)
 Metaspace       used 62821K, committed 64064K, reserved 1114112K
  class space    used 5995K, committed 6464K, reserved 1048576K
}
Event: 452.487 GC heap before
{Heap before GC invocations=256 (full 140):
 PSYoungGen      total 36352K, used 28160K [0x00000000f5580000, 0x00000000f8480000, 0x0000000100000000)
  eden space 28160K, 100% used [0x00000000f5580000,0x00000000f7100000,0x00000000f7100000)
  from space 8192K, 0% used [0x00000000f7a80000,0x00000000f7a80000,0x00000000f8280000)
  to   space 9216K, 0% used [0x00000000f7100000,0x00000000f7100000,0x00000000f7a00000)
 ParOldGen       total 349696K, used 349696K [0x00000000e0000000, 0x00000000f5580000, 0x00000000f5580000)
  object space 349696K, 100% used [0x00000000e0000000,0x00000000f5580000,0x00000000f5580000)
 Metaspace       used 62821K, committed 64064K, reserved 1114112K
  class space    used 5995K, committed 6464K, reserved 1048576K
}
Event: 454.758 GC heap after
{Heap after GC invocations=256 (full 140):
 PSYoungGen      total 37376K, used 28160K [0x00000000f5580000, 0x00000000f8480000, 0x0000000100000000)
  eden space 28160K, 100% used [0x00000000f5580000,0x00000000f7100000,0x00000000f7100000)
  from space 9216K, 0% used [0x00000000f7100000,0x00000000f7100000,0x00000000f7a00000)
  to   space 8192K, 0% used [0x00000000f7a80000,0x00000000f7a80000,0x00000000f8280000)
 ParOldGen       total 349696K, used 349694K [0x00000000e0000000, 0x00000000f5580000, 0x00000000f5580000)
  object space 349696K, 99% used [0x00000000e0000000,0x00000000f557fbd0,0x00000000f5580000)
 Metaspace       used 62821K, committed 64064K, reserved 1114112K
  class space    used 5995K, committed 6464K, reserved 1048576K
}
Event: 454.760 GC heap before
{Heap before GC invocations=257 (full 141):
 PSYoungGen      total 37376K, used 28160K [0x00000000f5580000, 0x00000000f8480000, 0x0000000100000000)
  eden space 28160K, 100% used [0x00000000f5580000,0x00000000f7100000,0x00000000f7100000)
  from space 9216K, 0% used [0x00000000f7100000,0x00000000f7100000,0x00000000f7a00000)
  to   space 8192K, 0% used [0x00000000f7a80000,0x00000000f7a80000,0x00000000f8280000)
 ParOldGen       total 349696K, used 349695K [0x00000000e0000000, 0x00000000f5580000, 0x00000000f5580000)
  object space 349696K, 99% used [0x00000000e0000000,0x00000000f557fcc0,0x00000000f5580000)
 Metaspace       used 62821K, committed 64064K, reserved 1114112K
  class space    used 5995K, committed 6464K, reserved 1048576K
}
Event: 456.679 GC heap after
{Heap after GC invocations=257 (full 141):
 PSYoungGen      total 36352K, used 28160K [0x00000000f5580000, 0x00000000f8480000, 0x0000000100000000)
  eden space 28160K, 100% used [0x00000000f5580000,0x00000000f7100000,0x00000000f7100000)
  from space 8192K, 0% used [0x00000000f7a80000,0x00000000f7a80000,0x00000000f8280000)
  to   space 9216K, 0% used [0x00000000f7100000,0x00000000f7100000,0x00000000f7a00000)
 ParOldGen       total 349696K, used 349694K [0x00000000e0000000, 0x00000000f5580000, 0x00000000f5580000)
  object space 349696K, 99% used [0x00000000e0000000,0x00000000f557fbd0,0x00000000f5580000)
 Metaspace       used 62821K, committed 64064K, reserved 1114112K
  class space    used 5995K, committed 6464K, reserved 1048576K
}
Event: 456.680 GC heap before
{Heap before GC invocations=258 (full 142):
 PSYoungGen      total 36352K, used 28160K [0x00000000f5580000, 0x00000000f8480000, 0x0000000100000000)
  eden space 28160K, 100% used [0x00000000f5580000,0x00000000f7100000,0x00000000f7100000)
  from space 8192K, 0% used [0x00000000f7a80000,0x00000000f7a80000,0x00000000f8280000)
  to   space 9216K, 0% used [0x00000000f7100000,0x00000000f7100000,0x00000000f7a00000)
 ParOldGen       total 349696K, used 349695K [0x00000000e0000000, 0x00000000f5580000, 0x00000000f5580000)
  object space 349696K, 99% used [0x00000000e0000000,0x00000000f557fd00,0x00000000f5580000)
 Metaspace       used 62821K, committed 64064K, reserved 1114112K
  class space    used 5995K, committed 6464K, reserved 1048576K
}
Event: 459.058 GC heap after
{Heap after GC invocations=258 (full 142):
 PSYoungGen      total 37376K, used 28160K [0x00000000f5580000, 0x00000000f8480000, 0x0000000100000000)
  eden space 28160K, 100% used [0x00000000f5580000,0x00000000f7100000,0x00000000f7100000)
  from space 9216K, 0% used [0x00000000f7100000,0x00000000f7100000,0x00000000f7a00000)
  to   space 8192K, 0% used [0x00000000f7a80000,0x00000000f7a80000,0x00000000f8280000)
 ParOldGen       total 349696K, used 349694K [0x00000000e0000000, 0x00000000f5580000, 0x00000000f5580000)
  object space 349696K, 99% used [0x00000000e0000000,0x00000000f557fbd0,0x00000000f5580000)
 Metaspace       used 62821K, committed 64064K, reserved 1114112K
  class space    used 5995K, committed 6464K, reserved 1048576K
}
Event: 459.058 GC heap before
{Heap before GC invocations=259 (full 143):
 PSYoungGen      total 37376K, used 28160K [0x00000000f5580000, 0x00000000f8480000, 0x0000000100000000)
  eden space 28160K, 100% used [0x00000000f5580000,0x00000000f7100000,0x00000000f7100000)
  from space 9216K, 0% used [0x00000000f7100000,0x00000000f7100000,0x00000000f7a00000)
  to   space 8192K, 0% used [0x00000000f7a80000,0x00000000f7a80000,0x00000000f8280000)
 ParOldGen       total 349696K, used 349694K [0x00000000e0000000, 0x00000000f5580000, 0x00000000f5580000)
  object space 349696K, 99% used [0x00000000e0000000,0x00000000f557fbd0,0x00000000f5580000)
 Metaspace       used 62821K, committed 64064K, reserved 1114112K
  class space    used 5995K, committed 6464K, reserved 1048576K
}
Event: 461.308 GC heap after
{Heap after GC invocations=259 (full 143):
 PSYoungGen      total 36352K, used 28160K [0x00000000f5580000, 0x00000000f8480000, 0x0000000100000000)
  eden space 28160K, 100% used [0x00000000f5580000,0x00000000f7100000,0x00000000f7100000)
  from space 8192K, 0% used [0x00000000f7a80000,0x00000000f7a80000,0x00000000f8280000)
  to   space 9216K, 0% used [0x00000000f7100000,0x00000000f7100000,0x00000000f7a00000)
 ParOldGen       total 349696K, used 349694K [0x00000000e0000000, 0x00000000f5580000, 0x00000000f5580000)
  object space 349696K, 99% used [0x00000000e0000000,0x00000000f557fbd0,0x00000000f5580000)
 Metaspace       used 62821K, committed 64064K, reserved 1114112K
  class space    used 5995K, committed 6464K, reserved 1048576K
}

